2023-07-08 09:05:44.792 +0530 [debug] ([34mconfigs.js[0m) [31mloaded default configs as "{"updates":{"manifest_url":"https://ws.freshdev.io/cli/updates.json","period":24},"log":{"level":"info"},"javascript":{"ecma_version":2020},"request":{"timeout":5000}}"[0m
2023-07-08 09:05:44.793 +0530 [debug] ([34mfile-util.js[0m) [31mError while requiring C:\Users\z0045n0p/.fdk/configs.json: Cannot find module 'C:\Users\z0045n0p/.fdk/configs.json'
Require stack:
- C:\Users\z0045n0p\AppData\Roaming\nvm\v14.21.2\node_modules\fdk\lib\utils\file-util.js
- C:\Users\z0045n0p\AppData\Roaming\nvm\v14.21.2\node_modules\fdk\lib\configs.js
- C:\Users\z0045n0p\AppData\Roaming\nvm\v14.21.2\node_modules\fdk\lib\logger.js
- C:\Users\z0045n0p\AppData\Roaming\nvm\v14.21.2\node_modules\fdk\index.js[0m
2023-07-08 09:05:44.793 +0530 [debug] ([34mconfigs.js[0m) [31mloaded global configs as "{}"[0m
2023-07-08 09:05:44.793 +0530 [debug] ([34mfile-util.js[0m) [31mError while requiring D:\Personal\winstonstrawn\apps/.fdk/configs.json: Cannot find module 'D:\Personal\winstonstrawn\apps/.fdk/configs.json'
Require stack:
- C:\Users\z0045n0p\AppData\Roaming\nvm\v14.21.2\node_modules\fdk\lib\utils\file-util.js
- C:\Users\z0045n0p\AppData\Roaming\nvm\v14.21.2\node_modules\fdk\lib\configs.js
- C:\Users\z0045n0p\AppData\Roaming\nvm\v14.21.2\node_modules\fdk\lib\logger.js
- C:\Users\z0045n0p\AppData\Roaming\nvm\v14.21.2\node_modules\fdk\index.js[0m
2023-07-08 09:05:44.793 +0530 [debug] ([34mconfigs.js[0m) [31mloaded local configs as "{}"[0m
2023-07-08 09:05:44.794 +0530 [debug] ([34mconfigs.js[0m) [31mloaded env configs as "{"updates":{},"log":{},"javascript":{},"request":{"timeout":5000}}"[0m
2023-07-08 09:05:44.794 +0530 [debug] ([34mconfigs.js[0m) [31mloaded resolved configs as "{"updates":{"manifest_url":"https://ws.freshdev.io/cli/updates.json","period":24},"log":{"level":"info"},"javascript":{"ecma_version":2020},"request":{"timeout":5000}}"[0m
2023-07-08 09:05:44.794 +0530 [debug] ([34mlogger.js[0m) [31mStarting FDK in node v14.21.2 on win32[0m
2023-07-08 09:05:44.794 +0530 [debug] ([34msequelize.js[0m) [31msetting up sqilite at "D:\Personal\winstonstrawn\apps/.fdk/store.sqlite"[0m
2023-07-08 09:05:44.794 +0530 [debug] ([34mindex.js[0m) [31mRunning with args {"cmd":"create","gopts":{},"opts":{},"goptArg":{},"optArg":{},"args":[]}[0m
2023-07-08 09:05:44.794 +0530 [debug] ([34mdata-util.js[0m) [31mRead {"version_details":{"cli":{"deprecated":{"version":"<9","message":"This FDK version will be deprecated by July 31, 2023 There will be no further feature updates to this version. For a seamless app building experience, ensure to move to the latest FDK version. For more information, see https://developers.freshdesk.com/v2/docs/migration-overview/#latest_platform_version_migration."},"forced":{"version":"7.0.0","command":"npm install https://dl.freshdev.io/cli/fdk-7.0.0.tgz -g","message":"Your FDK version has been forced updated to v7.0.0, please visit https://community.developers.freshworks.com/t/fdk-v7-0-announcing-node-js-v12-and-es6-support/3606 to know more"},"latest":{"version":"8.6.7","command":"npm install https://dl.freshdev.io/cli/fdk.tgz -g","message":"This FDK version will be deprecated by July 31, 2023 There will be no further feature updates to this version. For a seamless app building experience, ensure to move to the latest FDK version. For more information, see https://developers.freshdesk.com/v2/docs/migration-overview/#latest_platform_version_migration."}},"addon":{"version":"1.12.0","url":"https://dl.freshdev.io/cli-addon/addon.zip"}},"last_updated":{"time_stamp":1688021405384}}[0m
2023-07-08 09:05:44.794 +0530 [debug] ([34mupdater.js[0m) [31mlast check more than 24 hours ago, looking for updates again[0m
2023-07-08 09:05:45.071 +0530 [debug] ([34mupdater.js[0m) [31mdownloaded update manifest as {"cli":{"deprecated":{"version":"<9","message":"This FDK version will be deprecated by September 30, 2023 There will be no further feature updates to this version. For a seamless app building experience, ensure to move to the latest FDK version. For more information, see https://developers.freshdesk.com/v2/docs/migration-overview/#latest_platform_version_migration."},"forced":{"version":"7.0.0","command":"npm install https://dl.freshdev.io/cli/fdk-7.0.0.tgz -g","message":"Your FDK version has been forced updated to v7.0.0, please visit https://community.developers.freshworks.com/t/fdk-v7-0-announcing-node-js-v12-and-es6-support/3606 to know more"},"latest":{"version":"8.6.7","command":"npm install https://dl.freshdev.io/cli/fdk.tgz -g","message":"This FDK version will be deprecated by July 31, 2023 There will be no further feature updates to this version. For a seamless app building experience, ensure to move to the latest FDK version. For more information, see https://developers.freshdesk.com/v2/docs/migration-overview/#latest_platform_version_migration."}},"addon":{"version":"1.12.0","url":"https://dl.freshdev.io/cli-addon/addon.zip"}}[0m
2023-07-08 09:05:45.072 +0530 [debug] ([34mdata-util.js[0m) [31mRead {"version_details":{"cli":{"deprecated":{"version":"<9","message":"This FDK version will be deprecated by July 31, 2023 There will be no further feature updates to this version. For a seamless app building experience, ensure to move to the latest FDK version. For more information, see https://developers.freshdesk.com/v2/docs/migration-overview/#latest_platform_version_migration."},"forced":{"version":"7.0.0","command":"npm install https://dl.freshdev.io/cli/fdk-7.0.0.tgz -g","message":"Your FDK version has been forced updated to v7.0.0, please visit https://community.developers.freshworks.com/t/fdk-v7-0-announcing-node-js-v12-and-es6-support/3606 to know more"},"latest":{"version":"8.6.7","command":"npm install https://dl.freshdev.io/cli/fdk.tgz -g","message":"This FDK version will be deprecated by July 31, 2023 There will be no further feature updates to this version. For a seamless app building experience, ensure to move to the latest FDK version. For more information, see https://developers.freshdesk.com/v2/docs/migration-overview/#latest_platform_version_migration."}},"addon":{"version":"1.12.0","url":"https://dl.freshdev.io/cli-addon/addon.zip"}},"last_updated":{"time_stamp":1688021405384}}[0m
2023-07-08 09:05:45.072 +0530 [debug] ([34mdata-util.js[0m) [31mRead {"version_details":{"cli":{"deprecated":{"version":"<9","message":"This FDK version will be deprecated by July 31, 2023 There will be no further feature updates to this version. For a seamless app building experience, ensure to move to the latest FDK version. For more information, see https://developers.freshdesk.com/v2/docs/migration-overview/#latest_platform_version_migration."},"forced":{"version":"7.0.0","command":"npm install https://dl.freshdev.io/cli/fdk-7.0.0.tgz -g","message":"Your FDK version has been forced updated to v7.0.0, please visit https://community.developers.freshworks.com/t/fdk-v7-0-announcing-node-js-v12-and-es6-support/3606 to know more"},"latest":{"version":"8.6.7","command":"npm install https://dl.freshdev.io/cli/fdk.tgz -g","message":"This FDK version will be deprecated by July 31, 2023 There will be no further feature updates to this version. For a seamless app building experience, ensure to move to the latest FDK version. For more information, see https://developers.freshdesk.com/v2/docs/migration-overview/#latest_platform_version_migration."}},"addon":{"version":"1.12.0","url":"https://dl.freshdev.io/cli-addon/addon.zip"}},"last_updated":{"time_stamp":1688021405384}}[0m
2023-07-08 09:05:45.081 +0530 [debug] ([34mdata-util.js[0m) [31mRead {"version_details":{"cli":{"deprecated":{"version":"<9","message":"This FDK version will be deprecated by September 30, 2023 There will be no further feature updates to this version. For a seamless app building experience, ensure to move to the latest FDK version. For more information, see https://developers.freshdesk.com/v2/docs/migration-overview/#latest_platform_version_migration."},"forced":{"version":"7.0.0","command":"npm install https://dl.freshdev.io/cli/fdk-7.0.0.tgz -g","message":"Your FDK version has been forced updated to v7.0.0, please visit https://community.developers.freshworks.com/t/fdk-v7-0-announcing-node-js-v12-and-es6-support/3606 to know more"},"latest":{"version":"8.6.7","command":"npm install https://dl.freshdev.io/cli/fdk.tgz -g","message":"This FDK version will be deprecated by July 31, 2023 There will be no further feature updates to this version. For a seamless app building experience, ensure to move to the latest FDK version. For more information, see https://developers.freshdesk.com/v2/docs/migration-overview/#latest_platform_version_migration."}},"addon":{"version":"1.12.0","url":"https://dl.freshdev.io/cli-addon/addon.zip"}},"last_updated":{"time_stamp":1688021405384}}[0m
2023-07-08 09:05:45.084 +0530 [warn] [33m[WARN][0m This FDK version will be deprecated by September 30, 2023 There will be no further feature updates to this version. For a seamless app building experience, ensure to move to the latest FDK version. For more information, see https://developers.freshdesk.com/v2/docs/migration-overview/#latest_platform_version_migration.

2023-07-08 09:05:45.228 +0530 [debug] ([34mdata-util.js[0m) [31mRead {"version_details":{"cli":{"deprecated":{"version":"<9","message":"This FDK version will be deprecated by September 30, 2023 There will be no further feature updates to this version. For a seamless app building experience, ensure to move to the latest FDK version. For more information, see https://developers.freshdesk.com/v2/docs/migration-overview/#latest_platform_version_migration."},"forced":{"version":"7.0.0","command":"npm install https://dl.freshdev.io/cli/fdk-7.0.0.tgz -g","message":"Your FDK version has been forced updated to v7.0.0, please visit https://community.developers.freshworks.com/t/fdk-v7-0-announcing-node-js-v12-and-es6-support/3606 to know more"},"latest":{"version":"8.6.7","command":"npm install https://dl.freshdev.io/cli/fdk.tgz -g","message":"This FDK version will be deprecated by July 31, 2023 There will be no further feature updates to this version. For a seamless app building experience, ensure to move to the latest FDK version. For more information, see https://developers.freshdesk.com/v2/docs/migration-overview/#latest_platform_version_migration."}},"addon":{"version":"1.12.0","url":"https://dl.freshdev.io/cli-addon/addon.zip"}},"last_updated":{"time_stamp":1688787345073}}[0m
2023-07-08 09:05:45.246 +0530 [debug] ([34mcreate.js[0m) [31m'init' called with D:\Personal\winstonstrawn\apps, undefined, undefined[0m
2023-07-08 09:06:10.459 +0530 [debug] ([34mcreate.js[0m) [31mInitializing template "your_first_serverless_app" with product "freshservice".[0m
2023-07-08 09:06:24.747 +0530 [info] A new Freshservice app was successfully created from template "your_first_serverless_app" with the following files.

2023-07-08 20:00:04.937 +0530 [debug] ([34mconfigs.js[0m) [31mloaded default configs as "{"updates":{"manifest_url":"https://ws.freshdev.io/cli/updates.json","period":24},"log":{"level":"info"},"javascript":{"ecma_version":2020},"request":{"timeout":5000}}"[0m
2023-07-08 20:00:04.940 +0530 [debug] ([34mfile-util.js[0m) [31mError while requiring C:\Users\z0045n0p/.fdk/configs.json: Cannot find module 'C:\Users\z0045n0p/.fdk/configs.json'
Require stack:
- C:\Users\z0045n0p\AppData\Roaming\nvm\v14.21.2\node_modules\fdk\lib\utils\file-util.js
- C:\Users\z0045n0p\AppData\Roaming\nvm\v14.21.2\node_modules\fdk\lib\configs.js
- C:\Users\z0045n0p\AppData\Roaming\nvm\v14.21.2\node_modules\fdk\lib\logger.js
- C:\Users\z0045n0p\AppData\Roaming\nvm\v14.21.2\node_modules\fdk\index.js[0m
2023-07-08 20:00:04.940 +0530 [debug] ([34mconfigs.js[0m) [31mloaded global configs as "{}"[0m
2023-07-08 20:00:04.940 +0530 [debug] ([34mfile-util.js[0m) [31mError while requiring D:\Personal\winstonstrawn\apps/.fdk/configs.json: Cannot find module 'D:\Personal\winstonstrawn\apps/.fdk/configs.json'
Require stack:
- C:\Users\z0045n0p\AppData\Roaming\nvm\v14.21.2\node_modules\fdk\lib\utils\file-util.js
- C:\Users\z0045n0p\AppData\Roaming\nvm\v14.21.2\node_modules\fdk\lib\configs.js
- C:\Users\z0045n0p\AppData\Roaming\nvm\v14.21.2\node_modules\fdk\lib\logger.js
- C:\Users\z0045n0p\AppData\Roaming\nvm\v14.21.2\node_modules\fdk\index.js[0m
2023-07-08 20:00:04.940 +0530 [debug] ([34mconfigs.js[0m) [31mloaded local configs as "{}"[0m
2023-07-08 20:00:04.940 +0530 [debug] ([34mconfigs.js[0m) [31mloaded env configs as "{"updates":{},"log":{},"javascript":{},"request":{"timeout":5000}}"[0m
2023-07-08 20:00:04.941 +0530 [debug] ([34mconfigs.js[0m) [31mloaded resolved configs as "{"updates":{"manifest_url":"https://ws.freshdev.io/cli/updates.json","period":24},"log":{"level":"info"},"javascript":{"ecma_version":2020},"request":{"timeout":5000}}"[0m
2023-07-08 20:00:04.941 +0530 [debug] ([34mlogger.js[0m) [31mStarting FDK in node v14.21.2 on win32[0m
2023-07-08 20:00:04.941 +0530 [debug] ([34msequelize.js[0m) [31msetting up sqilite at "D:\Personal\winstonstrawn\apps/.fdk/store.sqlite"[0m
2023-07-08 20:00:04.941 +0530 [debug] ([34mindex.js[0m) [31mRunning with args {"cmd":"run","gopts":{},"opts":{},"goptArg":{},"optArg":{},"args":[]}[0m
2023-07-08 20:00:04.941 +0530 [debug] ([34mdata-util.js[0m) [31mRead {"version_details":{"cli":{"deprecated":{"version":"<9","message":"This FDK version will be deprecated by September 30, 2023 There will be no further feature updates to this version. For a seamless app building experience, ensure to move to the latest FDK version. For more information, see https://developers.freshdesk.com/v2/docs/migration-overview/#latest_platform_version_migration."},"forced":{"version":"7.0.0","command":"npm install https://dl.freshdev.io/cli/fdk-7.0.0.tgz -g","message":"Your FDK version has been forced updated to v7.0.0, please visit https://community.developers.freshworks.com/t/fdk-v7-0-announcing-node-js-v12-and-es6-support/3606 to know more"},"latest":{"version":"8.6.7","command":"npm install https://dl.freshdev.io/cli/fdk.tgz -g","message":"This FDK version will be deprecated by July 31, 2023 There will be no further feature updates to this version. For a seamless app building experience, ensure to move to the latest FDK version. For more information, see https://developers.freshdesk.com/v2/docs/migration-overview/#latest_platform_version_migration."}},"addon":{"version":"1.12.0","url":"https://dl.freshdev.io/cli-addon/addon.zip"}},"last_updated":{"time_stamp":1688787345073}}[0m
2023-07-08 20:00:04.941 +0530 [debug] ([34mupdater.js[0m) [31mlast check less than 24 hours ago, not looking for updates[0m
2023-07-08 20:00:08.451 +0530 [debug] ([34mmanifest.js[0m) [31mReloading manifest with {"platform-version":"2.2","product":{"freshservice":{"events":{"onTicketCreate":{"handler":"onTicketCreateHandler"}}}},"whitelisted-domains":[],"engines":{"node":"14.21.2","fdk":"8.6.7"}}.[0m
2023-07-08 20:00:08.452 +0530 [debug] ([34mmanifest.js[0m) [31mInferred db,backend as features.[0m
2023-07-08 20:00:08.500 +0530 [debug] ([34mdata-util.js[0m) [31mRead {"version_details":{"cli":{"deprecated":{"version":"<9","message":"This FDK version will be deprecated by September 30, 2023 There will be no further feature updates to this version. For a seamless app building experience, ensure to move to the latest FDK version. For more information, see https://developers.freshdesk.com/v2/docs/migration-overview/#latest_platform_version_migration."},"forced":{"version":"7.0.0","command":"npm install https://dl.freshdev.io/cli/fdk-7.0.0.tgz -g","message":"Your FDK version has been forced updated to v7.0.0, please visit https://community.developers.freshworks.com/t/fdk-v7-0-announcing-node-js-v12-and-es6-support/3606 to know more"},"latest":{"version":"8.6.7","command":"npm install https://dl.freshdev.io/cli/fdk.tgz -g","message":"This FDK version will be deprecated by July 31, 2023 There will be no further feature updates to this version. For a seamless app building experience, ensure to move to the latest FDK version. For more information, see https://developers.freshdesk.com/v2/docs/migration-overview/#latest_platform_version_migration."}},"addon":{"version":"1.12.0","url":"https://dl.freshdev.io/cli-addon/addon.zip"}},"last_updated":{"time_stamp":1688787345073}}[0m
2023-07-08 20:00:08.872 +0530 [debug] ([34mdata-util.js[0m) [31mRead {"version_details":{"cli":{"deprecated":{"version":"<9","message":"This FDK version will be deprecated by September 30, 2023 There will be no further feature updates to this version. For a seamless app building experience, ensure to move to the latest FDK version. For more information, see https://developers.freshdesk.com/v2/docs/migration-overview/#latest_platform_version_migration."},"forced":{"version":"7.0.0","command":"npm install https://dl.freshdev.io/cli/fdk-7.0.0.tgz -g","message":"Your FDK version has been forced updated to v7.0.0, please visit https://community.developers.freshworks.com/t/fdk-v7-0-announcing-node-js-v12-and-es6-support/3606 to know more"},"latest":{"version":"8.6.7","command":"npm install https://dl.freshdev.io/cli/fdk.tgz -g","message":"This FDK version will be deprecated by July 31, 2023 There will be no further feature updates to this version. For a seamless app building experience, ensure to move to the latest FDK version. For more information, see https://developers.freshdesk.com/v2/docs/migration-overview/#latest_platform_version_migration."}},"addon":{"version":"1.12.0","url":"https://dl.freshdev.io/cli-addon/addon.zip"}},"last_updated":{"time_stamp":1688787345073}}[0m
2023-07-08 20:00:12.878 +0530 [debug] ([34mfile-util.js[0m) [31mError while requiring D:\Personal\winstonstrawn\apps/.report.json: Cannot find module 'D:\Personal\winstonstrawn\apps/.report.json'
Require stack:
- C:\Users\z0045n0p\AppData\Roaming\nvm\v14.21.2\node_modules\fdk\lib\utils\file-util.js
- C:\Users\z0045n0p\AppData\Roaming\nvm\v14.21.2\node_modules\fdk\lib\configs.js
- C:\Users\z0045n0p\AppData\Roaming\nvm\v14.21.2\node_modules\fdk\lib\logger.js
- C:\Users\z0045n0p\AppData\Roaming\nvm\v14.21.2\node_modules\fdk\index.js[0m
2023-07-08 20:00:30.338 +0530 [debug] ([34mdata-util.js[0m) [31mRead {"version_details":{"cli":{"deprecated":{"version":"<9","message":"This FDK version will be deprecated by September 30, 2023 There will be no further feature updates to this version. For a seamless app building experience, ensure to move to the latest FDK version. For more information, see https://developers.freshdesk.com/v2/docs/migration-overview/#latest_platform_version_migration."},"forced":{"version":"7.0.0","command":"npm install https://dl.freshdev.io/cli/fdk-7.0.0.tgz -g","message":"Your FDK version has been forced updated to v7.0.0, please visit https://community.developers.freshworks.com/t/fdk-v7-0-announcing-node-js-v12-and-es6-support/3606 to know more"},"latest":{"version":"8.6.7","command":"npm install https://dl.freshdev.io/cli/fdk.tgz -g","message":"This FDK version will be deprecated by July 31, 2023 There will be no further feature updates to this version. For a seamless app building experience, ensure to move to the latest FDK version. For more information, see https://developers.freshdesk.com/v2/docs/migration-overview/#latest_platform_version_migration."}},"addon":{"version":"1.12.0","url":"https://dl.freshdev.io/cli-addon/addon.zip"}},"last_updated":{"time_stamp":1688787345073}}[0m
2023-07-08 20:00:43.541 +0530 [debug] ([34mvalidate.js[0m) [31masked to skip the following validations, [0m
2023-07-08 20:00:43.541 +0530 [debug] ([34mvalidate.js[0m) [31mrunning validator actions[0m
2023-07-08 20:00:43.541 +0530 [debug] ([34mvalidate.js[0m) [31mrunning validator app-dir[0m
2023-07-08 20:00:43.541 +0530 [debug] ([34mvalidate.js[0m) [31mrunning validator config-dir[0m
2023-07-08 20:00:43.541 +0530 [debug] ([34mconfig-dir.js[0m) [31mChecking to see if D:\Personal\winstonstrawn\apps/config/ exists.[0m
2023-07-08 20:00:43.542 +0530 [debug] ([34mconfig-dir.js[0m) [31mFetched the following config files assets,iparams.html[0m
2023-07-08 20:00:43.542 +0530 [debug] ([34mvalidate.js[0m) [31mrunning validator custom-objects[0m
2023-07-08 20:00:43.542 +0530 [debug] ([34mvalidate.js[0m) [31mrunning validator event[0m
2023-07-08 20:00:43.554 +0530 [debug] ([34mevent-util.js[0m) [31mFound ["onTicketCreateHandler"] as exported functions.[0m
2023-07-08 20:00:43.555 +0530 [debug] ([34mvalidate.js[0m) [31mrunning validator iparam[0m
2023-07-08 20:00:43.580 +0530 [debug] ([34mvalidate.js[0m) [31mskipping validator lint[0m
2023-07-08 20:00:43.580 +0530 [debug] ([34mvalidate.js[0m) [31mrunning validator manifest[0m
2023-07-08 20:00:43.580 +0530 [debug] ([34mmanifest.js[0m) [31mrunning manifest validation with type run_validation[0m
2023-07-08 20:00:43.580 +0530 [debug] ([34mvalidate.js[0m) [31mskipping validator manifest-dependency[0m
2023-07-08 20:00:43.580 +0530 [debug] ([34mvalidate.js[0m) [31mrunning validator oauth[0m
2023-07-08 20:00:43.580 +0530 [debug] ([34mvalidate.js[0m) [31mskipping validator pkgsize[0m
2023-07-08 20:00:43.581 +0530 [debug] ([34mvalidate.js[0m) [31mrunning validator schema[0m
2023-07-08 20:00:43.581 +0530 [debug] ([34mvalidate.js[0m) [31mrunning validator version-check[0m
2023-07-08 20:00:43.582 +0530 [debug] ([34mwatcher.js[0m) [31mPreparing to watch the following files ./config,./manifest.json[0m
2023-07-08 20:00:43.586 +0530 [debug] ([34minstall-util.js[0m) [31mdependency installer called with {}[0m
2023-07-08 20:00:43.586 +0530 [debug] ([34mdata-util.js[0m) [31mRead {}[0m
2023-07-08 20:00:43.586 +0530 [debug] ([34mcustom-objects.js[0m) [31mto force or not? false[0m
2023-07-08 20:00:43.586 +0530 [debug] ([34mcustom-objects.js[0m) [31mbeginning to re-sync db[0m
2023-07-08 20:00:43.955 +0530 [debug] ([34mindex.js[0m) [31mloading model at "C:\Users\z0045n0p\AppData\Roaming\nvm\v14.21.2\node_modules\fdk\lib\models\bigint-pivot.js"[0m
2023-07-08 20:00:43.997 +0530 [debug] ([34mindex.js[0m) [31mloading model at "C:\Users\z0045n0p\AppData\Roaming\nvm\v14.21.2\node_modules\fdk\lib\models\entity-field-choice.js"[0m
2023-07-08 20:00:44.022 +0530 [debug] ([34mindex.js[0m) [31mloading model at "C:\Users\z0045n0p\AppData\Roaming\nvm\v14.21.2\node_modules\fdk\lib\models\entity-field.js"[0m
2023-07-08 20:00:44.049 +0530 [debug] ([34mindex.js[0m) [31mloading model at "C:\Users\z0045n0p\AppData\Roaming\nvm\v14.21.2\node_modules\fdk\lib\models\entity.js"[0m
2023-07-08 20:00:44.076 +0530 [debug] ([34mindex.js[0m) [31mloading model at "C:\Users\z0045n0p\AppData\Roaming\nvm\v14.21.2\node_modules\fdk\lib\models\record.js"[0m
2023-07-08 20:00:44.104 +0530 [debug] ([34mindex.js[0m) [31mloading model at "C:\Users\z0045n0p\AppData\Roaming\nvm\v14.21.2\node_modules\fdk\lib\models\string-pivot.js"[0m
2023-07-08 20:00:44.137 +0530 [debug] ([34mdata-util.js[0m) [31mRead {}[0m
2023-07-08 20:00:44.138 +0530 [debug] ([34mcustom-objects.js[0m) [31mupdated local store with latest entity hash[0m
2023-07-08 20:00:44.139 +0530 [info] Starting local testing server at http://*:10001/    
Append 'dev=true' to your Freshservice account URL to start testing    
e.g. https://domain.freshservice.com/helpdesk/tickets/1?dev=true    
Quit the server with Control-C.
2023-07-08 20:00:44.142 +0530 [info] 
To simulate product, app setup, and external events, visit - http://localhost:10001/web/test
2023-07-08 20:00:44.144 +0530 [info] Populating test data with events found in the app
2023-07-08 20:00:44.145 +0530 [info] To test the installation page, visit - http://localhost:10001/custom_configs
2023-07-08 20:00:58.178 +0530 [debug] ([34mwatcher.js[0m) [31mBroadcasted "{"file":"config\\iparams.html"}" to all listeners.[0m
2023-07-08 20:02:02.629 +0530 [debug] ([34mwatcher.js[0m) [31mBroadcasted "{"file":"config\\iparams.html"}" to all listeners.[0m
2023-07-08 20:02:09.256 +0530 [debug] ([34mdata-util.js[0m) [31mRead {}[0m
2023-07-08 20:02:09.256 +0530 [debug] ([34miframe.js[0m) [31mResponding to product with {"configs":{},"displayName":"apps","product":{"freshservice":{"events":{"onTicketCreate":{"handler":"onTicketCreateHandler"}}}},"features":["db","backend"],"actions":false,"omni":false,"products":["freshservice"],"platform":"2.2","v2":[]}[0m
2023-07-08 20:02:09.274 +0530 [debug] ([34mdata-util.js[0m) [31mRead {}[0m
2023-07-08 20:05:08.710 +0530 [debug] ([34mwatcher.js[0m) [31mBroadcasted "{"file":"config\\iparams.html"}" to all listeners.[0m
2023-07-08 20:05:12.473 +0530 [debug] ([34mdata-util.js[0m) [31mRead {}[0m
2023-07-08 20:05:12.473 +0530 [debug] ([34miframe.js[0m) [31mResponding to product with {"configs":{},"displayName":"apps","product":{"freshservice":{"events":{"onTicketCreate":{"handler":"onTicketCreateHandler"}}}},"features":["db","backend"],"actions":false,"omni":false,"products":["freshservice"],"platform":"2.2","v2":[]}[0m
2023-07-08 20:05:12.485 +0530 [debug] ([34mdata-util.js[0m) [31mRead {}[0m
2023-07-08 20:05:54.129 +0530 [debug] ([34mwatcher.js[0m) [31mBroadcasted "{"file":"config\\assets\\iparams.js"}" to all listeners.[0m
2023-07-08 20:05:56.297 +0530 [debug] ([34mdata-util.js[0m) [31mRead {}[0m
2023-07-08 20:05:56.298 +0530 [debug] ([34miframe.js[0m) [31mResponding to product with {"configs":{},"displayName":"apps","product":{"freshservice":{"events":{"onTicketCreate":{"handler":"onTicketCreateHandler"}}}},"features":["db","backend"],"actions":false,"omni":false,"products":["freshservice"],"platform":"2.2","v2":[]}[0m
2023-07-08 20:05:56.311 +0530 [debug] ([34mdata-util.js[0m) [31mRead {}[0m
2023-07-08 20:06:16.136 +0530 [debug] ([34mwatcher.js[0m) [31mBroadcasted "{"file":"config\\iparams.html"}" to all listeners.[0m
2023-07-08 20:07:15.729 +0530 [debug] ([34mmanifest.js[0m) [31mReloading manifest with {"platform-version":"2.3","product":{"freshservice":{"events":{"onTicketCreate":{"handler":"onTicketCreateHandler"}}}},"whitelisted-domains":[],"engines":{"node":"14.21.2","fdk":"8.6.7"}}.[0m
2023-07-08 20:07:15.729 +0530 [debug] ([34mmanifest.js[0m) [31mInferred db,backend as features.[0m
2023-07-08 20:07:15.730 +0530 [debug] ([34mwatcher.js[0m) [31mBroadcasted "{"file":"manifest.json"}" to all listeners.[0m
